<?xml version="1.0" encoding="UTF-8"?>
<!-- Generated by org.testng.reporters.JUnitReportReporter -->
<testsuite skipped="0" hostname="DESKTOP-Q7SO8M9" name="com.step.qa.testcases.LoginPageTest" tests="6" failures="0" timestamp="2021-06-18T13:27:31 IST" time="186.481" errors="0">
  <testcase name="loginPageTitleTest" time="37.551" classname="com.step.qa.testcases.LoginPageTest"/>
  <system-out/>
  <testcase name="stepLogoImageTest" time="35.861" classname="com.step.qa.testcases.LoginPageTest"/>
  <system-out/>
  <testcase name="EmptyLoginTest" time="22.589" classname="com.step.qa.testcases.LoginPageTest"/>
  <system-out/>
  <testcase name="IncorrectEmailidTest" time="35.728" classname="com.step.qa.testcases.LoginPageTest"/>
  <system-out/>
  <testcase name="IncorrectPinTest" time="21.101" classname="com.step.qa.testcases.LoginPageTest"/>
  <system-out/>
  <testcase name="loginTest" time="33.651" classname="com.step.qa.testcases.LoginPageTest"/>
  <system-out/>
</testsuite> <!-- com.step.qa.testcases.LoginPageTest -->
