<?xml version="1.0" encoding="UTF-8"?>
<!-- Generated by org.testng.reporters.JUnitReportReporter -->
<testsuite skipped="0" hostname="DESKTOP-Q7SO8M9" name="com.step.qa.testcases.HomePageTest" tests="3" failures="0" timestamp="2021-06-18T13:27:31 IST" time="114.524" errors="0">
  <testcase name="verifyHomePageTitleTest" time="35.813" classname="com.step.qa.testcases.HomePageTest"/>
  <system-out/>
  <testcase name="verifyUserNameTextTest" time="37.459" classname="com.step.qa.testcases.HomePageTest"/>
  <system-out/>
  <testcase name="verifySettingslinktest" time="41.252" classname="com.step.qa.testcases.HomePageTest"/>
  <system-out/>
</testsuite> <!-- com.step.qa.testcases.HomePageTest -->
